************************************************************************************************************************
***             WIDEN YOUR WINDOW TO 120 CHARACTERS.  Use 'enscript -r -fCourier9' to print this document            ***
************************************************************************************************************************

---------------------------------------------- PETSc Performance Summary: ----------------------------------------------

./ksp-solve on a arch-linux2-c-debug named hpclin3 with 1 processor, by dwagner5 Wed Aug 29 10:02:10 2018
Using Petsc Release Version 3.6.3, Dec, 03, 2015 

                         Max       Max/Min        Avg      Total 
Time (sec):           1.990e+02      1.00000   1.990e+02
Objects:              1.700e+01      1.00000   1.700e+01
Flops:                1.776e+11      1.00000   1.776e+11  1.776e+11
Flops/sec:            8.925e+08      1.00000   8.925e+08  8.925e+08
Memory:               3.216e+07      1.00000              3.216e+07
MPI Messages:         0.000e+00      0.00000   0.000e+00  0.000e+00
MPI Message Lengths:  0.000e+00      0.00000   0.000e+00  0.000e+00
MPI Reductions:       0.000e+00      0.00000

Flop counting convention: 1 flop = 1 real number operation of type (multiply/divide/add/subtract)
                            e.g., VecAXPY() for real vectors of length N --> 2N flops
                            and VecAXPY() for complex vectors of length N --> 8N flops

Summary of Stages:   ----- Time ------  ----- Flops -----  --- Messages ---  -- Message Lengths --  -- Reductions --
                        Avg     %Total     Avg     %Total   counts   %Total     Avg         %Total   counts   %Total 
 0:      Main Stage: 1.9897e+02 100.0%  1.7757e+11 100.0%  0.000e+00   0.0%  0.000e+00        0.0%  0.000e+00   0.0% 

------------------------------------------------------------------------------------------------------------------------
See the 'Profiling' chapter of the users' manual for details on interpreting output.
Phase summary info:
   Count: number of times phase was executed
   Time and Flops: Max - maximum over all processors
                   Ratio - ratio of maximum to minimum over all processors
   Mess: number of messages sent
   Avg. len: average message length (bytes)
   Reduct: number of global reductions
   Global: entire computation
   Stage: stages of a computation. Set stages with PetscLogStagePush() and PetscLogStagePop().
      %T - percent time in this phase         %F - percent flops in this phase
      %M - percent messages in this phase     %L - percent message lengths in this phase
      %R - percent reductions in this phase
   Total Mflop/s: 10e-6 * (sum of flops over all processors)/(max time over all processors)
------------------------------------------------------------------------------------------------------------------------


      ##########################################################
      #                                                        #
      #                          WARNING!!!                    #
      #                                                        #
      #   This code was compiled with a debugging option,      #
      #   To get timing results run ./configure                #
      #   using --with-debugging=no, the performance will      #
      #   be generally two or three times faster.              #
      #                                                        #
      ##########################################################


Event                Count      Time (sec)     Flops                             --- Global ---  --- Stage ---   Total
                   Max Ratio  Max     Ratio   Max  Ratio  Mess   Avg len Reduct  %T %F %M %L %R  %T %F %M %L %R Mflop/s
------------------------------------------------------------------------------------------------------------------------

--- Event Stage 0: Main Stage

MatMult            17079 1.0 7.3864e+01 1.0 8.53e+10 1.0 0.0e+00 0.0e+00 0.0e+00 37 48  0  0  0  37 48  0  0  0  1154
MatMultTranspose   17079 1.0 1.1660e+02 1.0 8.56e+10 1.0 0.0e+00 0.0e+00 0.0e+00 59 48  0  0  0  59 48  0  0  0   734
MatAssemblyBegin       1 1.0 5.0068e-06 1.0 0.00e+00 0.0 0.0e+00 0.0e+00 0.0e+00  0  0  0  0  0   0  0  0  0  0     0
MatAssemblyEnd         1 1.0 4.3499e-03 1.0 0.00e+00 0.0 0.0e+00 0.0e+00 0.0e+00  0  0  0  0  0   0  0  0  0  0     0
MatLoad                1 1.0 1.1714e-01 1.0 0.00e+00 0.0 0.0e+00 0.0e+00 0.0e+00  0  0  0  0  0   0  0  0  0  0     0
VecDot             34158 1.0 1.3040e+00 1.0 1.49e+09 1.0 0.0e+00 0.0e+00 0.0e+00  1  1  0  0  0   1  1  0  0  0  1140
VecNorm            17080 1.0 4.5318e-01 1.0 7.43e+08 1.0 0.0e+00 0.0e+00 0.0e+00  0  0  0  0  0   0  0  0  0  0  1641
VecCopy                4 1.0 5.6982e-05 1.0 0.00e+00 0.0 0.0e+00 0.0e+00 0.0e+00  0  0  0  0  0   0  0  0  0  0     0
VecSet             17092 1.0 1.6814e-01 1.0 0.00e+00 0.0 0.0e+00 0.0e+00 0.0e+00  0  0  0  0  0   0  0  0  0  0     0
VecAXPY            51237 1.0 1.3880e+00 1.0 2.23e+09 1.0 0.0e+00 0.0e+00 0.0e+00  1  1  0  0  0   1  1  0  0  0  1607
VecAYPX            34156 1.0 1.7537e+00 1.0 1.49e+09 1.0 0.0e+00 0.0e+00 0.0e+00  1  1  0  0  0   1  1  0  0  0   848
VecAssemblyBegin       1 1.0 2.8610e-06 1.0 0.00e+00 0.0 0.0e+00 0.0e+00 0.0e+00  0  0  0  0  0   0  0  0  0  0     0
VecAssemblyEnd         1 1.0 2.1458e-06 1.0 0.00e+00 0.0 0.0e+00 0.0e+00 0.0e+00  0  0  0  0  0   0  0  0  0  0     0
VecPointwiseMult   34160 1.0 2.0062e+00 1.0 7.43e+08 1.0 0.0e+00 0.0e+00 0.0e+00  1  0  0  0  0   1  0  0  0  0   371
VecLoad                1 1.0 5.5130e-03 1.0 0.00e+00 0.0 0.0e+00 0.0e+00 0.0e+00  0  0  0  0  0   0  0  0  0  0     0
KSPSetUp               1 1.0 5.0712e-04 1.0 0.00e+00 0.0 0.0e+00 0.0e+00 0.0e+00  0  0  0  0  0   0  0  0  0  0     0
KSPSolve               1 1.0 1.9883e+02 1.0 1.78e+11 1.0 0.0e+00 0.0e+00 0.0e+00100100  0  0  0 100100  0  0  0   893
PCSetUp                1 1.0 4.0531e-06 1.0 0.00e+00 0.0 0.0e+00 0.0e+00 0.0e+00  0  0  0  0  0   0  0  0  0  0     0
PCApply            34160 1.0 2.2248e+00 1.0 7.43e+08 1.0 0.0e+00 0.0e+00 0.0e+00  1  0  0  0  0   1  0  0  0  0   334
------------------------------------------------------------------------------------------------------------------------

Memory usage is given in bytes:

Object Type          Creations   Destructions     Memory  Descendants' Mem.
Reports information only for process 0.

--- Event Stage 0: Main Stage

              Viewer     4              2         1536     0
              Matrix     1              1     30431632     0
              Vector    10             10      1756480     0
       Krylov Solver     1              1         1144     0
      Preconditioner     1              1          848     0
========================================================================================================================
Average time to get PetscTime(): 9.53674e-08
#PETSc Option Table entries:
-ksp_converged_reason
-ksp_norm_type preconditioned
-ksp_rtol 1e-5
-ksp_type bicg
-log_view :hpclin3/time-ksp-bicg-r1e-5.log
-matload_block_size 3
-pc_type jacobi
-rmat system_data_binary/two_hole_nocrack_mat.bin
-rrhs system_data_binary/two_hole_nocrack_vec.bin
-v 1
-vecload_block_size 3
#End of PETSc Option Table entries
Compiled without FORTRAN kernels
Compiled with full precision matrices (default)
sizeof(short) 2 sizeof(int) 4 sizeof(long) 8 sizeof(void*) 8 sizeof(PetscScalar) 8 sizeof(PetscInt) 4
Configure options: --prefix=/usr/local/pkgs-modules/petsc_3.6.3
-----------------------------------------
Libraries compiled on Thu Feb 11 10:38:32 2016 on casbsrv4 
Machine characteristics: Linux-2.6.32-504.12.2.el6.centos.plus.x86_64-x86_64-with-centos-6.6-Final
Using PETSc directory: /misc/local/src/petsc-3.6.3
Using PETSc arch: arch-linux2-c-debug
-----------------------------------------

Using C compiler: mpicc  -fPIC -wd1572 -g  ${COPTFLAGS} ${CFLAGS}
Using Fortran compiler: mpif90  -fPIC -g   ${FOPTFLAGS} ${FFLAGS} 
-----------------------------------------

Using include paths: -I/misc/local/src/petsc-3.6.3/arch-linux2-c-debug/include -I/misc/local/src/petsc-3.6.3/include -I/misc/local/src/petsc-3.6.3/include -I/misc/local/src/petsc-3.6.3/arch-linux2-c-debug/include -I/usr/local/pkgs-modules/openmpi_1.6.5_intel_2013_PBS/include
-----------------------------------------

Using C linker: mpicc
Using Fortran linker: mpif90
Using libraries: -Wl,-rpath,/misc/local/src/petsc-3.6.3/arch-linux2-c-debug/lib -L/misc/local/src/petsc-3.6.3/arch-linux2-c-debug/lib -lpetsc -llapack -lblas -lssl -lcrypto -lX11 -Wl,-rpath,/usr/local/pkgs/PBSPro_64/lib -L/usr/local/pkgs/PBSPro_64/lib -Wl,-rpath,/usr/local/pkgs-modules/openmpi_1.6.5_intel_2013_PBS/lib -L/usr/local/pkgs-modules/openmpi_1.6.5_intel_2013_PBS/lib -Wl,-rpath,/usr/local/pkgs-modules/intel_2013.0.079/composer_xe_2013.4.183/tbb/lib/intel64 -L/usr/local/pkgs-modules/intel_2013.0.079/composer_xe_2013.4.183/tbb/lib/intel64 -Wl,-rpath,/usr/local/pkgs-modules/intel_2013.0.079/composer_xe_2013.4.183/ipp/lib/intel64 -L/usr/local/pkgs-modules/intel_2013.0.079/composer_xe_2013.4.183/ipp/lib/intel64 -Wl,-rpath,/usr/local/pkgs-modules/intel_2013.0.079/composer_xe_2013.4.183/compiler/lib/intel64 -L/usr/local/pkgs-modules/intel_2013.0.079/composer_xe_2013.4.183/compiler/lib/intel64 -Wl,-rpath,/usr/local/pkgs-modules/intel_2013.0.079/composer_xe_2013.4.183/mkl/lib/intel64 -L/usr/local/pkgs-modules/intel_2013.0.079/composer_xe_2013.4.183/mkl/lib/intel64 -Wl,-rpath,/misc/local/pkgs-modules/intel_2013.0.079/composer_xe_2013.4.183/compiler/lib/intel64 -L/misc/local/pkgs-modules/intel_2013.0.079/composer_xe_2013.4.183/compiler/lib/intel64 -Wl,-rpath,/usr/lib/gcc/x86_64-redhat-linux/4.4.7 -L/usr/lib/gcc/x86_64-redhat-linux/4.4.7 -lmpi_f90 -lmpi_f77 -lm -lifport -lifcore -lm -lmpi_cxx -ldl -Wl,-rpath,/usr/local/pkgs/PBSPro_64/lib -L/usr/local/pkgs/PBSPro_64/lib -Wl,-rpath,/usr/local/pkgs-modules/openmpi_1.6.5_intel_2013_PBS/lib -L/usr/local/pkgs-modules/openmpi_1.6.5_intel_2013_PBS/lib -lmpi -lrt -lnsl -lutil -lpbs -Wl,-rpath,/usr/local/pkgs/PBSPro_64/lib -L/usr/local/pkgs/PBSPro_64/lib -Wl,-rpath,/usr/local/pkgs-modules/openmpi_1.6.5_intel_2013_PBS/lib -L/usr/local/pkgs-modules/openmpi_1.6.5_intel_2013_PBS/lib -Wl,-rpath,/usr/local/pkgs-modules/intel_2013.0.079/composer_xe_2013.4.183/tbb/lib/intel64 -L/usr/local/pkgs-modules/intel_2013.0.079/composer_xe_2013.4.183/tbb/lib/intel64 -Wl,-rpath,/usr/local/pkgs-modules/intel_2013.0.079/composer_xe_2013.4.183/ipp/lib/intel64 -L/usr/local/pkgs-modules/intel_2013.0.079/composer_xe_2013.4.183/ipp/lib/intel64 -Wl,-rpath,/usr/local/pkgs-modules/intel_2013.0.079/composer_xe_2013.4.183/compiler/lib/intel64 -L/usr/local/pkgs-modules/intel_2013.0.079/composer_xe_2013.4.183/compiler/lib/intel64 -Wl,-rpath,/usr/local/pkgs-modules/intel_2013.0.079/composer_xe_2013.4.183/mkl/lib/intel64 -L/usr/local/pkgs-modules/intel_2013.0.079/composer_xe_2013.4.183/mkl/lib/intel64 -Wl,-rpath,/misc/local/pkgs-modules/intel_2013.0.079/composer_xe_2013.4.183/compiler/lib/intel64 -L/misc/local/pkgs-modules/intel_2013.0.079/composer_xe_2013.4.183/compiler/lib/intel64 -Wl,-rpath,/usr/lib/gcc/x86_64-redhat-linux/4.4.7 -L/usr/lib/gcc/x86_64-redhat-linux/4.4.7 -Wl,-rpath,/usr/local/pkgs-modules/intel_2013.0.079/composer_xe_2013.4.183/tbb/lib/intel64 -L/usr/local/pkgs-modules/intel_2013.0.079/composer_xe_2013.4.183/tbb/lib/intel64 -Wl,-rpath,/usr/local/pkgs-modules/intel_2013.0.079/composer_xe_2013.4.183/ipp/lib/intel64 -L/usr/local/pkgs-modules/intel_2013.0.079/composer_xe_2013.4.183/ipp/lib/intel64 -Wl,-rpath,/usr/local/pkgs-modules/intel_2013.0.079/composer_xe_2013.4.183/compiler/lib/intel64 -L/usr/local/pkgs-modules/intel_2013.0.079/composer_xe_2013.4.183/compiler/lib/intel64 -Wl,-rpath,/usr/local/pkgs-modules/intel_2013.0.079/composer_xe_2013.4.183/mkl/lib/intel64 -L/usr/local/pkgs-modules/intel_2013.0.079/composer_xe_2013.4.183/mkl/lib/intel64 -Wl,-rpath,/misc/local/pkgs-modules/intel_2013.0.079/composer_xe_2013.4.183/compiler/lib/intel64 -L/misc/local/pkgs-modules/intel_2013.0.079/composer_xe_2013.4.183/compiler/lib/intel64 -limf -lsvml -lirng -lipgo -ldecimal -lcilkrts -lstdc++ -lgcc_s -lirc -lpthread -lirc_s -Wl,-rpath,/usr/local/pkgs/PBSPro_64/lib -L/usr/local/pkgs/PBSPro_64/lib -Wl,-rpath,/usr/local/pkgs-modules/openmpi_1.6.5_intel_2013_PBS/lib -L/usr/local/pkgs-modules/openmpi_1.6.5_intel_2013_PBS/lib -Wl,-rpath,/usr/local/pkgs-modules/intel_2013.0.079/composer_xe_2013.4.183/tbb/lib/intel64 -L/usr/local/pkgs-modules/intel_2013.0.079/composer_xe_2013.4.183/tbb/lib/intel64 -Wl,-rpath,/usr/local/pkgs-modules/intel_2013.0.079/composer_xe_2013.4.183/ipp/lib/intel64 -L/usr/local/pkgs-modules/intel_2013.0.079/composer_xe_2013.4.183/ipp/lib/intel64 -Wl,-rpath,/usr/local/pkgs-modules/intel_2013.0.079/composer_xe_2013.4.183/compiler/lib/intel64 -L/usr/local/pkgs-modules/intel_2013.0.079/composer_xe_2013.4.183/compiler/lib/intel64 -Wl,-rpath,/usr/local/pkgs-modules/intel_2013.0.079/composer_xe_2013.4.183/mkl/lib/intel64 -L/usr/local/pkgs-modules/intel_2013.0.079/composer_xe_2013.4.183/mkl/lib/intel64 -Wl,-rpath,/misc/local/pkgs-modules/intel_2013.0.079/composer_xe_2013.4.183/compiler/lib/intel64 -L/misc/local/pkgs-modules/intel_2013.0.079/composer_xe_2013.4.183/compiler/lib/intel64 -Wl,-rpath,/usr/lib/gcc/x86_64-redhat-linux/4.4.7 -L/usr/lib/gcc/x86_64-redhat-linux/4.4.7 -Wl,-rpath,/usr/local/pkgs-modules/intel_2013.0.079/composer_xe_2013.4.183/tbb/lib/intel64 -L/usr/local/pkgs-modules/intel_2013.0.079/composer_xe_2013.4.183/tbb/lib/intel64 -Wl,-rpath,/usr/local/pkgs-modules/intel_2013.0.079/composer_xe_2013.4.183/ipp/lib/intel64 -L/usr/local/pkgs-modules/intel_2013.0.079/composer_xe_2013.4.183/ipp/lib/intel64 -Wl,-rpath,/usr/local/pkgs-modules/intel_2013.0.079/composer_xe_2013.4.183/compiler/lib/intel64 -L/usr/local/pkgs-modules/intel_2013.0.079/composer_xe_2013.4.183/compiler/lib/intel64 -Wl,-rpath,/usr/local/pkgs-modules/intel_2013.0.079/composer_xe_2013.4.183/mkl/lib/intel64 -L/usr/local/pkgs-modules/intel_2013.0.079/composer_xe_2013.4.183/mkl/lib/intel64 -Wl,-rpath,/misc/local/pkgs-modules/intel_2013.0.079/composer_xe_2013.4.183/compiler/lib/intel64 -L/misc/local/pkgs-modules/intel_2013.0.079/composer_xe_2013.4.183/compiler/lib/intel64 -ldl 
-----------------------------------------

    bicg,  jacobi,1.000000e-05,1.000000e-50,1.000000e+04,1.017699e-21,21765,17079,2
